<?xml version="1.0" encoding="UTF-8"?>
<!-- Generated by org.testng.reporters.JUnitReportReporter -->
<testsuite hostname="DESKTOP-3MGC7F6" failures="0" tests="1" name="org.automation.testingworld.testcases.ValidateLoginFunctionality" time="1.759" errors="0" timestamp="2024-12-02T19:31:47 IST" skipped="0">
  <testcase classname="org.automation.testingworld.testcases.ValidateLoginFunctionality" name="VerifyLoginFunctionality" time="1.759"/>
  <system-out/>
</testsuite> <!-- org.automation.testingworld.testcases.ValidateLoginFunctionality -->
