<?xml version="1.0" encoding="UTF-8"?>
<!-- Generated by org.testng.reporters.JUnitReportReporter -->
<testsuite hostname="DESKTOP-3MGC7F6" failures="0" tests="1" name="org.automation.testingworld.testcases.ValidateLoginFunctionality" time="8.311" errors="0" timestamp="2024-12-01T17:40:03 IST" skipped="0">
  <testcase classname="org.automation.testingworld.testcases.ValidateLoginFunctionality" name="VerifyLoginFunctionality" time="8.311"/>
  <system-out/>
</testsuite> <!-- org.automation.testingworld.testcases.ValidateLoginFunctionality -->
